Determining if the system is big endian passed with the following output:
Change Dir: /home/luciano/Fukuda/CMakeFiles/CMakeTmp

Run Build Command:"/usr/bin/make" "cmTC_66eed/fast"
/usr/bin/make -f CMakeFiles/cmTC_66eed.dir/build.make CMakeFiles/cmTC_66eed.dir/build
make[1]: se entra en el directorio '/home/luciano/Fukuda/CMakeFiles/CMakeTmp'
Building C object CMakeFiles/cmTC_66eed.dir/TestEndianess.c.o
/usr/bin/cc    -fsigned-char -W -Wall -Werror=return-type -Werror=non-virtual-dtor -Werror=address -Werror=sequence-point -Wformat -Werror=format-security -Wmissing-declarations -Wmissing-prototypes -Wstrict-prototypes -Wundef -Winit-self -Wpointer-arith -Wshadow -Wno-narrowing -fdiagnostics-show-option -Wno-long-long -pthread -fomit-frame-pointer -msse -msse2 -mno-avx -msse3 -mno-ssse3 -mno-sse4.1 -mno-sse4.2 -ffunction-sections -fvisibility=hidden  -O3 -DNDEBUG   -o CMakeFiles/cmTC_66eed.dir/TestEndianess.c.o   -c /home/luciano/Fukuda/CMakeFiles/CMakeTmp/TestEndianess.c
Linking C executable cmTC_66eed
/usr/bin/cmake -E cmake_link_script CMakeFiles/cmTC_66eed.dir/link.txt --verbose=1
/usr/bin/cc     -fsigned-char -W -Wall -Werror=return-type -Werror=non-virtual-dtor -Werror=address -Werror=sequence-point -Wformat -Werror=format-security -Wmissing-declarations -Wmissing-prototypes -Wstrict-prototypes -Wundef -Winit-self -Wpointer-arith -Wshadow -Wno-narrowing -fdiagnostics-show-option -Wno-long-long -pthread -fomit-frame-pointer -msse -msse2 -mno-avx -msse3 -mno-ssse3 -mno-sse4.1 -mno-sse4.2 -ffunction-sections -fvisibility=hidden  -O3 -DNDEBUG    CMakeFiles/cmTC_66eed.dir/TestEndianess.c.o  -o cmTC_66eed -rdynamic 
make[1]: se sale del directorio '/home/luciano/Fukuda/CMakeFiles/CMakeTmp'

TestEndianess.c:
/* A 16 bit integer is required. */
typedef unsigned short cmakeint16;

/* On a little endian machine, these 16bit ints will give "THIS IS LITTLE ENDIAN."
   On a big endian machine the characters will be exchanged pairwise. */
const cmakeint16 info_little[] =  {0x4854, 0x5349, 0x4920, 0x2053, 0x494c, 0x5454, 0x454c, 0x4520, 0x444e, 0x4149, 0x2e4e, 0x0000};

/* on a big endian machine, these 16bit ints will give "THIS IS BIG ENDIAN."
   On a little endian machine the characters will be exchanged pairwise. */
const cmakeint16 info_big[] =     {0x5448, 0x4953, 0x2049, 0x5320, 0x4249, 0x4720, 0x454e, 0x4449, 0x414e, 0x2e2e, 0x0000};

#ifdef __CLASSIC_C__
int main(argc, argv) int argc; char *argv[];
#else
int main(int argc, char *argv[])
#endif
{
  int require = 0;
  require += info_little[argc];
  require += info_big[argc];
  (void)argv;
  return require;
}


Determining if the include file linux/videodev.h exists failed with the following output:
Change Dir: /home/luciano/Fukuda/CMakeFiles/CMakeTmp

Run Build Command:"/usr/bin/make" "cmTC_06488/fast"
/usr/bin/make -f CMakeFiles/cmTC_06488.dir/build.make CMakeFiles/cmTC_06488.dir/build
make[1]: se entra en el directorio '/home/luciano/Fukuda/CMakeFiles/CMakeTmp'
Building C object CMakeFiles/cmTC_06488.dir/CheckIncludeFile.c.o
/usr/bin/cc    -fsigned-char -W -Wall -Werror=return-type -Werror=non-virtual-dtor -Werror=address -Werror=sequence-point -Wformat -Werror=format-security -Wmissing-declarations -Wmissing-prototypes -Wstrict-prototypes -Wundef -Winit-self -Wpointer-arith -Wshadow -Wno-narrowing -fdiagnostics-show-option -Wno-long-long -pthread -fomit-frame-pointer -msse -msse2 -mno-avx -msse3 -mno-ssse3 -mno-sse4.1 -mno-sse4.2 -ffunction-sections -fvisibility=hidden  -O3 -DNDEBUG   -o CMakeFiles/cmTC_06488.dir/CheckIncludeFile.c.o   -c /home/luciano/Fukuda/CMakeFiles/CMakeTmp/CheckIncludeFile.c
/home/luciano/Fukuda/CMakeFiles/CMakeTmp/CheckIncludeFile.c:1:28: fatal error: linux/videodev.h: No existe el archivo o el directorio
compilation terminated.
CMakeFiles/cmTC_06488.dir/build.make:65: fallo en las instrucciones para el objetivo 'CMakeFiles/cmTC_06488.dir/CheckIncludeFile.c.o'
make[1]: *** [CMakeFiles/cmTC_06488.dir/CheckIncludeFile.c.o] Error 1
make[1]: se sale del directorio '/home/luciano/Fukuda/CMakeFiles/CMakeTmp'
Makefile:126: fallo en las instrucciones para el objetivo 'cmTC_06488/fast'
make: *** [cmTC_06488/fast] Error 2


Determining if the include file sys/videoio.h exists failed with the following output:
Change Dir: /home/luciano/Fukuda/CMakeFiles/CMakeTmp

Run Build Command:"/usr/bin/make" "cmTC_1394c/fast"
/usr/bin/make -f CMakeFiles/cmTC_1394c.dir/build.make CMakeFiles/cmTC_1394c.dir/build
make[1]: se entra en el directorio '/home/luciano/Fukuda/CMakeFiles/CMakeTmp'
Building C object CMakeFiles/cmTC_1394c.dir/CheckIncludeFile.c.o
/usr/bin/cc    -fsigned-char -W -Wall -Werror=return-type -Werror=non-virtual-dtor -Werror=address -Werror=sequence-point -Wformat -Werror=format-security -Wmissing-declarations -Wmissing-prototypes -Wstrict-prototypes -Wundef -Winit-self -Wpointer-arith -Wshadow -Wno-narrowing -fdiagnostics-show-option -Wno-long-long -pthread -fomit-frame-pointer -msse -msse2 -mno-avx -msse3 -mno-ssse3 -mno-sse4.1 -mno-sse4.2 -ffunction-sections -fvisibility=hidden  -O3 -DNDEBUG   -o CMakeFiles/cmTC_1394c.dir/CheckIncludeFile.c.o   -c /home/luciano/Fukuda/CMakeFiles/CMakeTmp/CheckIncludeFile.c
/home/luciano/Fukuda/CMakeFiles/CMakeTmp/CheckIncludeFile.c:1:25: fatal error: sys/videoio.h: No existe el archivo o el directorio
compilation terminated.
CMakeFiles/cmTC_1394c.dir/build.make:65: fallo en las instrucciones para el objetivo 'CMakeFiles/cmTC_1394c.dir/CheckIncludeFile.c.o'
make[1]: *** [CMakeFiles/cmTC_1394c.dir/CheckIncludeFile.c.o] Error 1
make[1]: se sale del directorio '/home/luciano/Fukuda/CMakeFiles/CMakeTmp'
Makefile:126: fallo en las instrucciones para el objetivo 'cmTC_1394c/fast'
make: *** [cmTC_1394c/fast] Error 2


Determining if the include file ffmpeg/avformat.h exists failed with the following output:
Change Dir: /home/luciano/Fukuda/CMakeFiles/CMakeTmp

Run Build Command:"/usr/bin/make" "cmTC_e75bb/fast"
/usr/bin/make -f CMakeFiles/cmTC_e75bb.dir/build.make CMakeFiles/cmTC_e75bb.dir/build
make[1]: se entra en el directorio '/home/luciano/Fukuda/CMakeFiles/CMakeTmp'
Building C object CMakeFiles/cmTC_e75bb.dir/CheckIncludeFile.c.o
/usr/bin/cc    -fsigned-char -W -Wall -Werror=return-type -Werror=non-virtual-dtor -Werror=address -Werror=sequence-point -Wformat -Werror=format-security -Wmissing-declarations -Wmissing-prototypes -Wstrict-prototypes -Wundef -Winit-self -Wpointer-arith -Wshadow -Wno-narrowing -fdiagnostics-show-option -Wno-long-long -pthread -fomit-frame-pointer -msse -msse2 -mno-avx -msse3 -mno-ssse3 -mno-sse4.1 -mno-sse4.2 -ffunction-sections -fvisibility=hidden  -O3 -DNDEBUG   -o CMakeFiles/cmTC_e75bb.dir/CheckIncludeFile.c.o   -c /home/luciano/Fukuda/CMakeFiles/CMakeTmp/CheckIncludeFile.c
/home/luciano/Fukuda/CMakeFiles/CMakeTmp/CheckIncludeFile.c:1:29: fatal error: ffmpeg/avformat.h: No existe el archivo o el directorio
compilation terminated.
CMakeFiles/cmTC_e75bb.dir/build.make:65: fallo en las instrucciones para el objetivo 'CMakeFiles/cmTC_e75bb.dir/CheckIncludeFile.c.o'
make[1]: *** [CMakeFiles/cmTC_e75bb.dir/CheckIncludeFile.c.o] Error 1
make[1]: se sale del directorio '/home/luciano/Fukuda/CMakeFiles/CMakeTmp'
Makefile:126: fallo en las instrucciones para el objetivo 'cmTC_e75bb/fast'
make: *** [cmTC_e75bb/fast] Error 2


